make[1]: Entering directory '/home/jhlee/e3/tools/e3-autosave/autosave'
rm -rf O.*
make[1]: Leaving directory '/home/jhlee/e3/tools/e3-autosave/autosave'
make[1]: Entering directory '/home/jhlee/e3/tools/e3-autosave/autosave'
for VERSION in 3.15.4; do make -f autosave.Makefile LIBVERSION=5.8.0 EPICSVERSION=$VERSION build; done
make[2]: Entering directory '/home/jhlee/e3/tools/e3-autosave/autosave'
MAKING EPICS VERSION R3.15.4
make[3]: Entering directory '/home/jhlee/e3/tools/e3-autosave/autosave'
mkdir O.3.15.4_Common
mkdir O.3.15.4_linux-x86_64
make[4]: Entering directory '/home/jhlee/e3/tools/e3-autosave/autosave/O.3.15.4_linux-x86_64'
/usr/bin/gcc  -D_GNU_SOURCE -D_DEFAULT_SOURCE                        -Wno-unused-variable -Wno-unused-function   -D_X86_64_  -DUNIX  -Dlinux                 -MD   -O3 -g   -Wall                   -Wno-unused-variable -Wno-unused-function  -mtune=generic     -m64 -fPIC                -I. -I../asApp/src/ -I../asApp/src//os/Linux -I../asApp/src//os/default -I../asApp/src/os/Linux/  -I/epics/modules/require/0.0.1/R3.15.4/include  -I/epics/modules/mrfioc2/2.2.0/R3.15.4/include    -I/epics/modules/devlib2/2.9.0/R3.15.4/include -I/epics/bases/base-3.15.4/include  -I/epics/bases/base-3.15.4/include/compiler/gcc -I/epics/bases/base-3.15.4/include/os/Linux                                    -c  ../asApp/src/os/Linux/osdNfs.c
/usr/bin/gcc  -D_GNU_SOURCE -D_DEFAULT_SOURCE                        -Wno-unused-variable -Wno-unused-function   -D_X86_64_  -DUNIX  -Dlinux                 -MD   -O3 -g   -Wall                   -Wno-unused-variable -Wno-unused-function  -mtune=generic     -m64 -fPIC                -I. -I../asApp/src/ -I../asApp/src//os/Linux -I../asApp/src//os/default -I../asApp/src/os/Linux/  -I/epics/modules/require/0.0.1/R3.15.4/include  -I/epics/modules/mrfioc2/2.2.0/R3.15.4/include    -I/epics/modules/devlib2/2.9.0/R3.15.4/include -I/epics/bases/base-3.15.4/include  -I/epics/bases/base-3.15.4/include/compiler/gcc -I/epics/bases/base-3.15.4/include/os/Linux                                    -c  ../asApp/src/verify.c
/usr/bin/gcc  -D_GNU_SOURCE -D_DEFAULT_SOURCE                        -Wno-unused-variable -Wno-unused-function   -D_X86_64_  -DUNIX  -Dlinux                 -MD   -O3 -g   -Wall                   -Wno-unused-variable -Wno-unused-function  -mtune=generic     -m64 -fPIC                -I. -I../asApp/src/ -I../asApp/src//os/Linux -I../asApp/src//os/default -I../asApp/src/os/Linux/  -I/epics/modules/require/0.0.1/R3.15.4/include  -I/epics/modules/mrfioc2/2.2.0/R3.15.4/include    -I/epics/modules/devlib2/2.9.0/R3.15.4/include -I/epics/bases/base-3.15.4/include  -I/epics/bases/base-3.15.4/include/compiler/gcc -I/epics/bases/base-3.15.4/include/os/Linux                                    -c  ../asApp/src/configMenuSub.c
/usr/bin/gcc  -D_GNU_SOURCE -D_DEFAULT_SOURCE                        -Wno-unused-variable -Wno-unused-function   -D_X86_64_  -DUNIX  -Dlinux                 -MD   -O3 -g   -Wall                   -Wno-unused-variable -Wno-unused-function  -mtune=generic     -m64 -fPIC                -I. -I../asApp/src/ -I../asApp/src//os/Linux -I../asApp/src//os/default -I../asApp/src/os/Linux/  -I/epics/modules/require/0.0.1/R3.15.4/include  -I/epics/modules/mrfioc2/2.2.0/R3.15.4/include    -I/epics/modules/devlib2/2.9.0/R3.15.4/include -I/epics/bases/base-3.15.4/include  -I/epics/bases/base-3.15.4/include/compiler/gcc -I/epics/bases/base-3.15.4/include/os/Linux                                    -c  ../asApp/src/fGetDateStr.c
/usr/bin/gcc  -D_GNU_SOURCE -D_DEFAULT_SOURCE                        -Wno-unused-variable -Wno-unused-function   -D_X86_64_  -DUNIX  -Dlinux                 -MD   -O3 -g   -Wall                   -Wno-unused-variable -Wno-unused-function  -mtune=generic     -m64 -fPIC                -I. -I../asApp/src/ -I../asApp/src//os/Linux -I../asApp/src//os/default -I../asApp/src/os/Linux/  -I/epics/modules/require/0.0.1/R3.15.4/include  -I/epics/modules/mrfioc2/2.2.0/R3.15.4/include    -I/epics/modules/devlib2/2.9.0/R3.15.4/include -I/epics/bases/base-3.15.4/include  -I/epics/bases/base-3.15.4/include/compiler/gcc -I/epics/bases/base-3.15.4/include/os/Linux                                    -c  ../asApp/src/initHooks.c
/usr/bin/gcc  -D_GNU_SOURCE -D_DEFAULT_SOURCE                        -Wno-unused-variable -Wno-unused-function   -D_X86_64_  -DUNIX  -Dlinux                 -MD   -O3 -g   -Wall                   -Wno-unused-variable -Wno-unused-function  -mtune=generic     -m64 -fPIC                -I. -I../asApp/src/ -I../asApp/src//os/Linux -I../asApp/src//os/default -I../asApp/src/os/Linux/  -I/epics/modules/require/0.0.1/R3.15.4/include  -I/epics/modules/mrfioc2/2.2.0/R3.15.4/include    -I/epics/modules/devlib2/2.9.0/R3.15.4/include -I/epics/bases/base-3.15.4/include  -I/epics/bases/base-3.15.4/include/compiler/gcc -I/epics/bases/base-3.15.4/include/os/Linux                                    -c  ../asApp/src/save_restore.c
/usr/bin/gcc  -D_GNU_SOURCE -D_DEFAULT_SOURCE                        -Wno-unused-variable -Wno-unused-function   -D_X86_64_  -DUNIX  -Dlinux                 -MD   -O3 -g   -Wall                   -Wno-unused-variable -Wno-unused-function  -mtune=generic     -m64 -fPIC                -I. -I../asApp/src/ -I../asApp/src//os/Linux -I../asApp/src//os/default -I../asApp/src/os/Linux/  -I/epics/modules/require/0.0.1/R3.15.4/include  -I/epics/modules/mrfioc2/2.2.0/R3.15.4/include    -I/epics/modules/devlib2/2.9.0/R3.15.4/include -I/epics/bases/base-3.15.4/include  -I/epics/bases/base-3.15.4/include/compiler/gcc -I/epics/bases/base-3.15.4/include/os/Linux                                    -c  ../asApp/src/dbrestore.c
Expanding autosave.dbd
/epics/modules/require/0.0.1/tools/expandDBD.tcl -3.15 -I ../asApp/src/ -I /epics/bases/base-3.15.4/dbd ../asApp/src/asSupport.dbd > autosave.dbd
rm -f autosave_registerRecordDeviceDriver.cpp temp.cpp
perl -CSD /epics/bases/base-3.15.4/bin/linux-x86_64/registerRecordDeviceDriver.pl autosave.dbd autosave_registerRecordDeviceDriver | grep -v iocshRegisterCommon > temp.cpp
mv temp.cpp autosave_registerRecordDeviceDriver.cpp
/usr/bin/g++  -D_GNU_SOURCE -D_DEFAULT_SOURCE                        -Wno-unused-variable -Wno-unused-function   -D_X86_64_  -DUNIX  -Dlinux                 -MD   -O3 -g   -Wall                    -mtune=generic                   -m64 -fPIC               -I. -I../asApp/src/ -I../asApp/src//os/Linux -I../asApp/src//os/default -I../asApp/src/os/Linux/  -I/epics/modules/require/0.0.1/R3.15.4/include  -I/epics/modules/mrfioc2/2.2.0/R3.15.4/include    -I/epics/modules/devlib2/2.9.0/R3.15.4/include -I/epics/bases/base-3.15.4/include  -I/epics/bases/base-3.15.4/include/compiler/gcc -I/epics/bases/base-3.15.4/include/os/Linux                                    -c autosave_registerRecordDeviceDriver.cpp
echo "char _autosaveLibRelease[] = \"5.8.0\";" >> autosave_version_5.8.0.c
/usr/bin/gcc  -D_GNU_SOURCE -D_DEFAULT_SOURCE                        -Wno-unused-variable -Wno-unused-function   -D_X86_64_  -DUNIX  -Dlinux                 -MD   -O3 -g   -Wall                   -Wno-unused-variable -Wno-unused-function  -mtune=generic     -m64 -fPIC                -I. -I../asApp/src/ -I../asApp/src//os/Linux -I../asApp/src//os/default -I../asApp/src/os/Linux/  -I/epics/modules/require/0.0.1/R3.15.4/include  -I/epics/modules/mrfioc2/2.2.0/R3.15.4/include    -I/epics/modules/devlib2/2.9.0/R3.15.4/include -I/epics/bases/base-3.15.4/include  -I/epics/bases/base-3.15.4/include/compiler/gcc -I/epics/bases/base-3.15.4/include/os/Linux                                    -c autosave_version_5.8.0.c
rm -f autosave_exportAddress.c
nm configMenuSub.o dbrestore.o fGetDateStr.o initHooks.o osdNfs.o save_restore.o verify.o autosave_registerRecordDeviceDriver.o autosave_version_5.8.0.o   | awk 'BEGIN { print "/* This is a generated file. Do not modify! */"; print "#include <drvSup.h>"; print "#include <devSup.h>"; print "#include <recSup.h>"; print "#include <registryFunction.h>"; print "#include <epicsExport.h>"; print "/* These are the RegisterFunction and ExportAddress calls missing for 3.14 compatible code. */"; } / U pvar_func_register_func_/ {name=substr($2,25); func_missing[name]=1; next;} / [A-Z] pvar_func_register_func_/ {name=substr($3,25); func_found[name]=1; next;} / U pvar_func_/ {name=substr($2,11); reg_missing[name]=1; next;} / [A-Z] pvar_func_/ {name=substr($3,11); reg_found[name]=1; next;} / U pvar_/ {i=index(substr($2,6),"_"); type=substr($2,6,i-1); name=substr($2,i+6); var_missing[name]=type; next;} / [A-Z] pvar_/ {i=index(substr($3,6),"_"); name=substr($3,i+6); var_found[name]=1; next;} END {for (name in func_missing) if (!func_found[name]) { print "void " name "();"; print "epicsRegisterFunction(" name ");"} for (name in reg_missing) if (!reg_found[name]) { print "extern REGISTRYFUNCTION " name ";"; print "epicsExportRegistrar(" name ");"} for (name in var_missing) if (!var_found[name]) { type = var_missing[name]; print "extern " type " " name ";"; print "epicsExportAddress(" type ", " name ");"} }' > autosave_exportAddress.c
/usr/bin/gcc  -D_GNU_SOURCE -D_DEFAULT_SOURCE                        -Wno-unused-variable -Wno-unused-function   -D_X86_64_  -DUNIX  -Dlinux                 -MD   -O3 -g   -Wall                   -Wno-unused-variable -Wno-unused-function  -mtune=generic     -m64 -fPIC                -I. -I../asApp/src/ -I../asApp/src//os/Linux -I../asApp/src//os/default -I../asApp/src/os/Linux/  -I/epics/modules/require/0.0.1/R3.15.4/include  -I/epics/modules/mrfioc2/2.2.0/R3.15.4/include    -I/epics/modules/devlib2/2.9.0/R3.15.4/include -I/epics/bases/base-3.15.4/include  -I/epics/bases/base-3.15.4/include/compiler/gcc -I/epics/bases/base-3.15.4/include/os/Linux                                    -c autosave_exportAddress.c
Collecting dependencies
rm -f autosave.dep
# Check dependencies on other module headers.
cat *.d 2>/dev/null | sed 's/ /\n/g' | sed -n 's%/epics/modules/*\([^/]*\)/\([0-9]*\.[0-9]*\)\.[0-9]*/.*%\1 \2%p;s%/epics/modules/*\([^/]*\)/\([^/]*\)/.*%\1 \2%p'| sort -u >> autosave.dep
/usr/bin/g++ -o libautosave.so -shared -fPIC -Wl,-hlibautosave.so -L/epics/modules/autosave/5.8.0/R3.15.4/lib/linux-x86_64 -Wl,-rpath,/epics/modules/autosave/5.8.0/R3.15.4/lib/linux-x86_64                         -rdynamic -m64                   -Wl,--defsym,autosaveLib_5.0=0 -Wl,--defsym,autosaveLib_5.1=0 -Wl,--defsym,autosaveLib_5.2=0 -Wl,--defsym,autosaveLib_5.3=0 -Wl,--defsym,autosaveLib_5.4=0 -Wl,--defsym,autosaveLib_5.5=0 -Wl,--defsym,autosaveLib_5.6=0 -Wl,--defsym,autosaveLib_5.7=0 -Wl,--defsym,autosaveLib_5.8=0          configMenuSub.o dbrestore.o fGetDateStr.o initHooks.o osdNfs.o save_restore.o verify.o autosave_registerRecordDeviceDriver.o autosave_exportAddress.o autosave_version_5.8.0.o      -lpthread    -lm -lrt -ldl -lgcc
rm -f MakefileInclude
make[4]: Leaving directory '/home/jhlee/e3/tools/e3-autosave/autosave/O.3.15.4_linux-x86_64'
make[3]: Leaving directory '/home/jhlee/e3/tools/e3-autosave/autosave'
make[2]: Leaving directory '/home/jhlee/e3/tools/e3-autosave/autosave'
make[1]: Leaving directory '/home/jhlee/e3/tools/e3-autosave/autosave'
make[1]: Entering directory '/home/jhlee/e3/tools/e3-autosave/autosave'
rm -rf /epics/modules/autosave/5.8.0
make[1]: Leaving directory '/home/jhlee/e3/tools/e3-autosave/autosave'
make[1]: Entering directory '/home/jhlee/e3/tools/e3-autosave/autosave'
for VERSION in 3.15.4; do make -f autosave.Makefile LIBVERSION=5.8.0 EPICSVERSION=$VERSION install; done
make[2]: Entering directory '/home/jhlee/e3/tools/e3-autosave/autosave'
MAKING EPICS VERSION R3.15.4
make[3]: Entering directory '/home/jhlee/e3/tools/e3-autosave/autosave'
make[4]: Entering directory '/home/jhlee/e3/tools/e3-autosave/autosave/O.3.15.4_linux-x86_64'
rm -f MakefileInclude
make[4]: Leaving directory '/home/jhlee/e3/tools/e3-autosave/autosave/O.3.15.4_linux-x86_64'
make[4]: Entering directory '/home/jhlee/e3/tools/e3-autosave/autosave/O.3.15.4_linux-x86_64'
rm -f MakefileInclude
mkdir /epics/modules/autosave/5.8.0
mkdir /epics/modules/autosave/5.8.0/R3.15.4
mkdir /epics/modules/autosave/5.8.0/R3.15.4/include
Installing module dbd file /epics/modules/autosave/5.8.0/R3.15.4/dbd/autosave.dbd
perl -CSD /epics/bases/base-3.15.4/bin/linux-x86_64/installEpics.pl  -d -m444 autosave.dbd /epics/modules/autosave/5.8.0/R3.15.4/dbd
mkdir /epics/modules/autosave/5.8.0/R3.15.4/dbd
Installing module library /epics/modules/autosave/5.8.0/R3.15.4/lib/linux-x86_64/libautosave.so
perl -CSD /epics/bases/base-3.15.4/bin/linux-x86_64/installEpics.pl  -d -m555 libautosave.so /epics/modules/autosave/5.8.0/R3.15.4/lib/linux-x86_64
mkdir /epics/modules/autosave/5.8.0/R3.15.4/lib
mkdir /epics/modules/autosave/5.8.0/R3.15.4/lib/linux-x86_64
Installing module dependency file /epics/modules/autosave/5.8.0/R3.15.4/lib/linux-x86_64/autosave.dep
perl -CSD /epics/bases/base-3.15.4/bin/linux-x86_64/installEpics.pl  -d -m444 autosave.dep /epics/modules/autosave/5.8.0/R3.15.4/lib/linux-x86_64
make[4]: Leaving directory '/home/jhlee/e3/tools/e3-autosave/autosave/O.3.15.4_linux-x86_64'
make[3]: Leaving directory '/home/jhlee/e3/tools/e3-autosave/autosave'
make[2]: Leaving directory '/home/jhlee/e3/tools/e3-autosave/autosave'
make[1]: Leaving directory '/home/jhlee/e3/tools/e3-autosave/autosave'
