sudo -E bash -c "make -C autosave"
make[1]: Entering directory '/home/jhlee/e3-developing/e3-autosave/autosave'
make -C ./configure install 
make[2]: Entering directory '/home/jhlee/e3-developing/e3-autosave/autosave/configure'
perl -CSD /testing/epics/base-3.15.5/bin/linux-x86_64/makeMakefile.pl O.linux-x86_64 ../..
mkdir O.Common
make -C O.linux-x86_64 -f ../Makefile TOP=../.. \
    T_A=linux-x86_64 install
make[3]: Entering directory '/home/jhlee/e3-developing/e3-autosave/autosave/configure/O.linux-x86_64'
perl -CSD /testing/epics/base-3.15.5/bin/linux-x86_64/convertRelease.pl checkRelease
Installing config file /testing/epics/base-3.15.5/epics-modules/autosave/configure/RELEASE
make[3]: Leaving directory '/home/jhlee/e3-developing/e3-autosave/autosave/configure/O.linux-x86_64'
make[2]: Leaving directory '/home/jhlee/e3-developing/e3-autosave/autosave/configure'
make -C ./asApp install 
make[2]: Entering directory '/home/jhlee/e3-developing/e3-autosave/autosave/asApp'
make -C ./src install 
make[3]: Entering directory '/home/jhlee/e3-developing/e3-autosave/autosave/asApp/src'
perl -CSD /testing/epics/base-3.15.5/bin/linux-x86_64/makeMakefile.pl O.linux-x86_64 ../../..
mkdir O.Common
make -C O.linux-x86_64 -f ../Makefile TOP=../../.. \
    T_A=linux-x86_64 install
make[4]: Entering directory '/home/jhlee/e3-developing/e3-autosave/autosave/asApp/src/O.linux-x86_64'
/usr/bin/gcc  -D_GNU_SOURCE -D_DEFAULT_SOURCE            -D_X86_64_  -DUNIX  -Dlinux     -O3 -g   -Wall     -DDBLOADRECORDSHOOKREGISTER  -mtune=generic     -m64 -fPIC -I. -I../O.Common -I. -I. -I../os/Linux -I../os/default -I.. -I/testing/epics/base-3.15.5/epics-modules/autosave/include/compiler/gcc -I/testing/epics/base-3.15.5/epics-modules/autosave/include/os/Linux -I/testing/epics/base-3.15.5/epics-modules/autosave/include -I/testing/epics/base-3.15.5/include/compiler/gcc -I/testing/epics/base-3.15.5/include/os/Linux -I/testing/epics/base-3.15.5/include        -MM -MF osdNfs.d  ../os/Linux/osdNfs.c
/usr/bin/gcc  -D_GNU_SOURCE -D_DEFAULT_SOURCE            -D_X86_64_  -DUNIX  -Dlinux     -O3 -g   -Wall     -DDBLOADRECORDSHOOKREGISTER  -mtune=generic     -m64 -fPIC -I. -I../O.Common -I. -I. -I../os/Linux -I../os/default -I.. -I/testing/epics/base-3.15.5/epics-modules/autosave/include/compiler/gcc -I/testing/epics/base-3.15.5/epics-modules/autosave/include/os/Linux -I/testing/epics/base-3.15.5/epics-modules/autosave/include -I/testing/epics/base-3.15.5/include/compiler/gcc -I/testing/epics/base-3.15.5/include/os/Linux -I/testing/epics/base-3.15.5/include        -MM -MF verify.d  ../verify.c
/usr/bin/gcc  -D_GNU_SOURCE -D_DEFAULT_SOURCE            -D_X86_64_  -DUNIX  -Dlinux     -O3 -g   -Wall     -DDBLOADRECORDSHOOKREGISTER  -mtune=generic     -m64 -fPIC -I. -I../O.Common -I. -I. -I../os/Linux -I../os/default -I.. -I/testing/epics/base-3.15.5/epics-modules/autosave/include/compiler/gcc -I/testing/epics/base-3.15.5/epics-modules/autosave/include/os/Linux -I/testing/epics/base-3.15.5/epics-modules/autosave/include -I/testing/epics/base-3.15.5/include/compiler/gcc -I/testing/epics/base-3.15.5/include/os/Linux -I/testing/epics/base-3.15.5/include        -MM -MF configMenuSub.d  ../configMenuSub.c
/usr/bin/gcc  -D_GNU_SOURCE -D_DEFAULT_SOURCE            -D_X86_64_  -DUNIX  -Dlinux     -O3 -g   -Wall     -DDBLOADRECORDSHOOKREGISTER  -mtune=generic     -m64 -fPIC -I. -I../O.Common -I. -I. -I../os/Linux -I../os/default -I.. -I/testing/epics/base-3.15.5/epics-modules/autosave/include/compiler/gcc -I/testing/epics/base-3.15.5/epics-modules/autosave/include/os/Linux -I/testing/epics/base-3.15.5/epics-modules/autosave/include -I/testing/epics/base-3.15.5/include/compiler/gcc -I/testing/epics/base-3.15.5/include/os/Linux -I/testing/epics/base-3.15.5/include        -MM -MF fGetDateStr.d  ../fGetDateStr.c
/usr/bin/gcc  -D_GNU_SOURCE -D_DEFAULT_SOURCE            -D_X86_64_  -DUNIX  -Dlinux     -O3 -g   -Wall     -DDBLOADRECORDSHOOKREGISTER  -mtune=generic     -m64 -fPIC -I. -I../O.Common -I. -I. -I../os/Linux -I../os/default -I.. -I/testing/epics/base-3.15.5/epics-modules/autosave/include/compiler/gcc -I/testing/epics/base-3.15.5/epics-modules/autosave/include/os/Linux -I/testing/epics/base-3.15.5/epics-modules/autosave/include -I/testing/epics/base-3.15.5/include/compiler/gcc -I/testing/epics/base-3.15.5/include/os/Linux -I/testing/epics/base-3.15.5/include        -MM -MF initHooks.d  ../initHooks.c
/usr/bin/gcc  -D_GNU_SOURCE -D_DEFAULT_SOURCE            -D_X86_64_  -DUNIX  -Dlinux     -O3 -g   -Wall     -DDBLOADRECORDSHOOKREGISTER  -mtune=generic     -m64 -fPIC -I. -I../O.Common -I. -I. -I../os/Linux -I../os/default -I.. -I/testing/epics/base-3.15.5/epics-modules/autosave/include/compiler/gcc -I/testing/epics/base-3.15.5/epics-modules/autosave/include/os/Linux -I/testing/epics/base-3.15.5/epics-modules/autosave/include -I/testing/epics/base-3.15.5/include/compiler/gcc -I/testing/epics/base-3.15.5/include/os/Linux -I/testing/epics/base-3.15.5/include        -MM -MF save_restore.d  ../save_restore.c
/usr/bin/gcc  -D_GNU_SOURCE -D_DEFAULT_SOURCE            -D_X86_64_  -DUNIX  -Dlinux     -O3 -g   -Wall     -DDBLOADRECORDSHOOKREGISTER  -mtune=generic     -m64 -fPIC -I. -I../O.Common -I. -I. -I../os/Linux -I../os/default -I.. -I/testing/epics/base-3.15.5/epics-modules/autosave/include/compiler/gcc -I/testing/epics/base-3.15.5/epics-modules/autosave/include/os/Linux -I/testing/epics/base-3.15.5/epics-modules/autosave/include -I/testing/epics/base-3.15.5/include/compiler/gcc -I/testing/epics/base-3.15.5/include/os/Linux -I/testing/epics/base-3.15.5/include        -MM -MF dbrestore.d  ../dbrestore.c
/usr/bin/g++  -D_GNU_SOURCE -D_DEFAULT_SOURCE            -D_X86_64_  -DUNIX  -Dlinux     -O3 -g   -Wall      -mtune=generic     -m64  -I. -I../O.Common -I. -I. -I../os/Linux -I../os/default -I.. -I/testing/epics/base-3.15.5/epics-modules/autosave/include/compiler/gcc -I/testing/epics/base-3.15.5/epics-modules/autosave/include/os/Linux -I/testing/epics/base-3.15.5/epics-modules/autosave/include -I/testing/epics/base-3.15.5/include/compiler/gcc -I/testing/epics/base-3.15.5/include/os/Linux -I/testing/epics/base-3.15.5/include        -MM -MF asMain.d  ../asMain.cpp
Expanding dbd file ../asInclude.dbd
perl -CSD /testing/epics/base-3.15.5/bin/linux-x86_64/dbdExpand.pl   -I. -I.. -I../O.Common -I/testing/epics/base-3.15.5/epics-modules/autosave/dbd -I/testing/epics/base-3.15.5/dbd -o as.dbd ../asInclude.dbd
perl -CSD /testing/epics/base-3.15.5/bin/linux-x86_64/registerRecordDeviceDriver.pl   -I. -I.. -I../O.Common -I/testing/epics/base-3.15.5/epics-modules/autosave/dbd -I/testing/epics/base-3.15.5/dbd    -o as_registerRecordDeviceDriver.cpp ../O.Common/as.dbd as_registerRecordDeviceDriver /testing/epics/base-3.15.5/epics-modules/autosave
/usr/bin/g++  -D_GNU_SOURCE -D_DEFAULT_SOURCE            -D_X86_64_  -DUNIX  -Dlinux     -O3 -g   -Wall      -mtune=generic     -m64  -I. -I../O.Common -I. -I. -I../os/Linux -I../os/default -I.. -I/testing/epics/base-3.15.5/epics-modules/autosave/include/compiler/gcc -I/testing/epics/base-3.15.5/epics-modules/autosave/include/os/Linux -I/testing/epics/base-3.15.5/epics-modules/autosave/include -I/testing/epics/base-3.15.5/include/compiler/gcc -I/testing/epics/base-3.15.5/include/os/Linux -I/testing/epics/base-3.15.5/include        -MM -MF as_registerRecordDeviceDriver.d  as_registerRecordDeviceDriver.cpp
/usr/bin/gcc  -D_GNU_SOURCE -D_DEFAULT_SOURCE            -D_X86_64_  -DUNIX  -Dlinux     -O3 -g   -Wall     -DDBLOADRECORDSHOOKREGISTER  -mtune=generic     -m64  -I. -I../O.Common -I. -I. -I../os/Linux -I../os/default -I.. -I/testing/epics/base-3.15.5/epics-modules/autosave/include/compiler/gcc -I/testing/epics/base-3.15.5/epics-modules/autosave/include/os/Linux -I/testing/epics/base-3.15.5/epics-modules/autosave/include -I/testing/epics/base-3.15.5/include/compiler/gcc -I/testing/epics/base-3.15.5/include/os/Linux -I/testing/epics/base-3.15.5/include        -MM -MF asVerify.d  ../asVerify.c
Installing created dbd file /testing/epics/base-3.15.5/epics-modules/autosave/dbd/as.dbd
/usr/bin/gcc  -D_GNU_SOURCE -D_DEFAULT_SOURCE            -D_X86_64_  -DUNIX  -Dlinux     -O3 -g   -Wall     -DDBLOADRECORDSHOOKREGISTER  -mtune=generic     -m64 -fPIC -I. -I../O.Common -I. -I. -I../os/Linux -I../os/default -I.. -I/testing/epics/base-3.15.5/epics-modules/autosave/include/compiler/gcc -I/testing/epics/base-3.15.5/epics-modules/autosave/include/os/Linux -I/testing/epics/base-3.15.5/epics-modules/autosave/include -I/testing/epics/base-3.15.5/include/compiler/gcc -I/testing/epics/base-3.15.5/include/os/Linux -I/testing/epics/base-3.15.5/include        -c ../dbrestore.c
/usr/bin/gcc  -D_GNU_SOURCE -D_DEFAULT_SOURCE            -D_X86_64_  -DUNIX  -Dlinux     -O3 -g   -Wall     -DDBLOADRECORDSHOOKREGISTER  -mtune=generic     -m64 -fPIC -I. -I../O.Common -I. -I. -I../os/Linux -I../os/default -I.. -I/testing/epics/base-3.15.5/epics-modules/autosave/include/compiler/gcc -I/testing/epics/base-3.15.5/epics-modules/autosave/include/os/Linux -I/testing/epics/base-3.15.5/epics-modules/autosave/include -I/testing/epics/base-3.15.5/include/compiler/gcc -I/testing/epics/base-3.15.5/include/os/Linux -I/testing/epics/base-3.15.5/include        -c ../save_restore.c
/usr/bin/gcc  -D_GNU_SOURCE -D_DEFAULT_SOURCE            -D_X86_64_  -DUNIX  -Dlinux     -O3 -g   -Wall     -DDBLOADRECORDSHOOKREGISTER  -mtune=generic     -m64 -fPIC -I. -I../O.Common -I. -I. -I../os/Linux -I../os/default -I.. -I/testing/epics/base-3.15.5/epics-modules/autosave/include/compiler/gcc -I/testing/epics/base-3.15.5/epics-modules/autosave/include/os/Linux -I/testing/epics/base-3.15.5/epics-modules/autosave/include -I/testing/epics/base-3.15.5/include/compiler/gcc -I/testing/epics/base-3.15.5/include/os/Linux -I/testing/epics/base-3.15.5/include        -c ../initHooks.c
In file included from ../initHooks.c:40:0:
../save_restore.h:42:13: warning: ‘SR_STATUS_STR’ defined but not used [-Wunused-variable]
 static char SR_STATUS_STR[5][10] =
             ^
/usr/bin/gcc  -D_GNU_SOURCE -D_DEFAULT_SOURCE            -D_X86_64_  -DUNIX  -Dlinux     -O3 -g   -Wall     -DDBLOADRECORDSHOOKREGISTER  -mtune=generic     -m64 -fPIC -I. -I../O.Common -I. -I. -I../os/Linux -I../os/default -I.. -I/testing/epics/base-3.15.5/epics-modules/autosave/include/compiler/gcc -I/testing/epics/base-3.15.5/epics-modules/autosave/include/os/Linux -I/testing/epics/base-3.15.5/epics-modules/autosave/include -I/testing/epics/base-3.15.5/include/compiler/gcc -I/testing/epics/base-3.15.5/include/os/Linux -I/testing/epics/base-3.15.5/include        -c ../fGetDateStr.c
/usr/bin/gcc  -D_GNU_SOURCE -D_DEFAULT_SOURCE            -D_X86_64_  -DUNIX  -Dlinux     -O3 -g   -Wall     -DDBLOADRECORDSHOOKREGISTER  -mtune=generic     -m64 -fPIC -I. -I../O.Common -I. -I. -I../os/Linux -I../os/default -I.. -I/testing/epics/base-3.15.5/epics-modules/autosave/include/compiler/gcc -I/testing/epics/base-3.15.5/epics-modules/autosave/include/os/Linux -I/testing/epics/base-3.15.5/epics-modules/autosave/include -I/testing/epics/base-3.15.5/include/compiler/gcc -I/testing/epics/base-3.15.5/include/os/Linux -I/testing/epics/base-3.15.5/include        -c ../configMenuSub.c
/usr/bin/gcc  -D_GNU_SOURCE -D_DEFAULT_SOURCE            -D_X86_64_  -DUNIX  -Dlinux     -O3 -g   -Wall     -DDBLOADRECORDSHOOKREGISTER  -mtune=generic     -m64 -fPIC -I. -I../O.Common -I. -I. -I../os/Linux -I../os/default -I.. -I/testing/epics/base-3.15.5/epics-modules/autosave/include/compiler/gcc -I/testing/epics/base-3.15.5/epics-modules/autosave/include/os/Linux -I/testing/epics/base-3.15.5/epics-modules/autosave/include -I/testing/epics/base-3.15.5/include/compiler/gcc -I/testing/epics/base-3.15.5/include/os/Linux -I/testing/epics/base-3.15.5/include        -c ../verify.c
In file included from ../verify.c:17:0:
../save_restore.h:42:13: warning: ‘SR_STATUS_STR’ defined but not used [-Wunused-variable]
 static char SR_STATUS_STR[5][10] =
             ^
/usr/bin/gcc  -D_GNU_SOURCE -D_DEFAULT_SOURCE            -D_X86_64_  -DUNIX  -Dlinux     -O3 -g   -Wall     -DDBLOADRECORDSHOOKREGISTER  -mtune=generic     -m64 -fPIC -I. -I../O.Common -I. -I. -I../os/Linux -I../os/default -I.. -I/testing/epics/base-3.15.5/epics-modules/autosave/include/compiler/gcc -I/testing/epics/base-3.15.5/epics-modules/autosave/include/os/Linux -I/testing/epics/base-3.15.5/epics-modules/autosave/include -I/testing/epics/base-3.15.5/include/compiler/gcc -I/testing/epics/base-3.15.5/include/os/Linux -I/testing/epics/base-3.15.5/include        -c ../os/Linux/osdNfs.c
/usr/bin/ar -rc    libautosave.a        dbrestore.o save_restore.o initHooks.o fGetDateStr.o configMenuSub.o verify.o osdNfs.o 
/usr/bin/ranlib libautosave.a
/usr/bin/g++ -o libautosave.so -shared -fPIC -Wl,--enable-new-dtags -Wl,-hlibautosave.so -L/testing/epics/base-3.15.5/epics-modules/autosave/lib/linux-x86_64 -L/testing/epics/base-3.15.5/lib/linux-x86_64 -Wl,-rpath,/testing/epics/base-3.15.5/epics-modules/autosave/lib/linux-x86_64 -Wl,-rpath,/testing/epics/base-3.15.5/lib/linux-x86_64           -rdynamic -m64            dbrestore.o save_restore.o initHooks.o fGetDateStr.o configMenuSub.o verify.o osdNfs.o    -ldbRecStd -ldbCore -lca -lCom   -lpthread   -lreadline -lm -lrt -ldl -lgcc
Installing shared library /testing/epics/base-3.15.5/epics-modules/autosave/lib/linux-x86_64/libautosave.so
Installing library /testing/epics/base-3.15.5/epics-modules/autosave/lib/linux-x86_64/libautosave.a
/usr/bin/gcc  -D_GNU_SOURCE -D_DEFAULT_SOURCE            -D_X86_64_  -DUNIX  -Dlinux     -O3 -g   -Wall     -DDBLOADRECORDSHOOKREGISTER  -mtune=generic     -m64  -I. -I../O.Common -I. -I. -I../os/Linux -I../os/default -I.. -I/testing/epics/base-3.15.5/epics-modules/autosave/include/compiler/gcc -I/testing/epics/base-3.15.5/epics-modules/autosave/include/os/Linux -I/testing/epics/base-3.15.5/epics-modules/autosave/include -I/testing/epics/base-3.15.5/include/compiler/gcc -I/testing/epics/base-3.15.5/include/os/Linux -I/testing/epics/base-3.15.5/include        -c ../asVerify.c
In file included from ../asVerify.c:15:0:
../save_restore.h:42:13: warning: ‘SR_STATUS_STR’ defined but not used [-Wunused-variable]
 static char SR_STATUS_STR[5][10] =
             ^
/usr/bin/g++ -o asVerify  -L/testing/epics/base-3.15.5/epics-modules/autosave/lib/linux-x86_64 -L/testing/epics/base-3.15.5/lib/linux-x86_64 -Wl,-rpath,/testing/epics/base-3.15.5/epics-modules/autosave/lib/linux-x86_64 -Wl,-rpath,/testing/epics/base-3.15.5/lib/linux-x86_64           -rdynamic -m64            asVerify.o verify.o    -lca -lCom   
asVerify.o: In function `main':
/home/jhlee/e3-developing/e3-autosave/autosave/asApp/src/O.linux-x86_64/../asVerify.c:85: warning: the use of `tmpnam' is dangerous, better use `mkstemp'
/usr/bin/g++  -D_GNU_SOURCE -D_DEFAULT_SOURCE            -D_X86_64_  -DUNIX  -Dlinux     -O3 -g   -Wall      -mtune=generic     -m64  -I. -I../O.Common -I. -I. -I../os/Linux -I../os/default -I.. -I/testing/epics/base-3.15.5/epics-modules/autosave/include/compiler/gcc -I/testing/epics/base-3.15.5/epics-modules/autosave/include/os/Linux -I/testing/epics/base-3.15.5/epics-modules/autosave/include -I/testing/epics/base-3.15.5/include/compiler/gcc -I/testing/epics/base-3.15.5/include/os/Linux -I/testing/epics/base-3.15.5/include        -c as_registerRecordDeviceDriver.cpp
/usr/bin/g++  -D_GNU_SOURCE -D_DEFAULT_SOURCE            -D_X86_64_  -DUNIX  -Dlinux     -O3 -g   -Wall      -mtune=generic     -m64  -I. -I../O.Common -I. -I. -I../os/Linux -I../os/default -I.. -I/testing/epics/base-3.15.5/epics-modules/autosave/include/compiler/gcc -I/testing/epics/base-3.15.5/epics-modules/autosave/include/os/Linux -I/testing/epics/base-3.15.5/epics-modules/autosave/include -I/testing/epics/base-3.15.5/include/compiler/gcc -I/testing/epics/base-3.15.5/include/os/Linux -I/testing/epics/base-3.15.5/include        -c ../asMain.cpp
/usr/bin/g++ -o asApp  -L/testing/epics/base-3.15.5/epics-modules/autosave/lib/linux-x86_64 -L/testing/epics/base-3.15.5/lib/linux-x86_64 -Wl,-rpath,/testing/epics/base-3.15.5/epics-modules/autosave/lib/linux-x86_64 -Wl,-rpath,/testing/epics/base-3.15.5/lib/linux-x86_64           -rdynamic -m64            as_registerRecordDeviceDriver.o asMain.o    -lautosave -ldbRecStd -ldbCore -lca -lCom   
Installing created executable /testing/epics/base-3.15.5/epics-modules/autosave/bin/linux-x86_64/asVerify
Installing created executable /testing/epics/base-3.15.5/epics-modules/autosave/bin/linux-x86_64/asApp
make[4]: Leaving directory '/home/jhlee/e3-developing/e3-autosave/autosave/asApp/src/O.linux-x86_64'
make[3]: Leaving directory '/home/jhlee/e3-developing/e3-autosave/autosave/asApp/src'
make -C ./Db install 
make[3]: Entering directory '/home/jhlee/e3-developing/e3-autosave/autosave/asApp/Db'
perl -CSD /testing/epics/base-3.15.5/bin/linux-x86_64/makeMakefile.pl O.linux-x86_64 ../../..
mkdir O.Common
make -C O.linux-x86_64 -f ../Makefile TOP=../../.. \
    T_A=linux-x86_64 install
make[4]: Entering directory '/home/jhlee/e3-developing/e3-autosave/autosave/asApp/Db/O.linux-x86_64'
make[4]: Nothing to be done for 'install'.
make[4]: Leaving directory '/home/jhlee/e3-developing/e3-autosave/autosave/asApp/Db/O.linux-x86_64'
make[3]: Leaving directory '/home/jhlee/e3-developing/e3-autosave/autosave/asApp/Db'
make[2]: Leaving directory '/home/jhlee/e3-developing/e3-autosave/autosave/asApp'
make -C ./iocBoot install 
make[2]: Entering directory '/home/jhlee/e3-developing/e3-autosave/autosave/iocBoot'
make -C ./iocas install 
make[3]: Entering directory '/home/jhlee/e3-developing/e3-autosave/autosave/iocBoot/iocas'
make[3]: Nothing to be done for 'install'.
make[3]: Leaving directory '/home/jhlee/e3-developing/e3-autosave/autosave/iocBoot/iocas'
make[2]: Leaving directory '/home/jhlee/e3-developing/e3-autosave/autosave/iocBoot'
make[1]: Leaving directory '/home/jhlee/e3-developing/e3-autosave/autosave'
